#
# There is insufficient memory for the Java Runtime Environment to continue.
# Native memory allocation (mmap) failed to map 132120576 bytes for G1 virtual space
# Possible reasons:
#   The system is out of physical RAM or swap space
#   The process is running with CompressedOops enabled, and the Java Heap may be blocking the growth of the native heap
# Possible solutions:
#   Reduce memory load on the system
#   Increase physical memory or swap space
#   Check if swap backing store is full
#   Decrease Java heap size (-Xmx/-Xms)
#   Decrease number of Java threads
#   Decrease Java thread stack sizes (-Xss)
#   Set larger code cache with -XX:ReservedCodeCacheSize=
#   JVM is running with Unscaled Compressed Oops mode in which the Java heap is
#     placed in the first 4GB address space. The Java Heap base address is the
#     maximum limit for the native heap growth. Please use -XX:HeapBaseMinAddress
#     to set the Java Heap base and to place the Java Heap above 4GB virtual address.
# This output file may be truncated or incomplete.
#
#  Out of Memory Error (os_windows.cpp:3548), pid=9868, tid=15468
#
# JRE version:  (17.0.12+8) (build )
# Java VM: Java HotSpot(TM) 64-Bit Server VM (17.0.12+8-LTS-286, mixed mode, sharing, tiered, compressed oops, compressed class ptrs, g1 gc, windows-amd64)
# No core dump will be written. Minidumps are not enabled by default on client versions of Windows
#

---------------  S U M M A R Y ------------

Command Line: -Dfile.encoding=UTF-8 --module-path=C:\Users\Test\OneDrive\Documents\NetBeansProjects\Electricity Billing System\build\classes electricity.billing.system.Project

Host: Intel(R) Core(TM) i5-10210U CPU @ 1.60GHz, 8 cores, 7G,  Windows 11 , 64 bit Build 22621 (10.0.22621.4391)
Time: Mon Dec 16 16:27:27 2024 India Standard Time elapsed time: 0.024435 seconds (0d 0h 0m 0s)

---------------  T H R E A D  ---------------

Current thread (0x000001c9054a3b80):  JavaThread "Unknown thread" [_thread_in_vm, id=15468, stack(0x000000557c500000,0x000000557c600000)]

Stack: [0x000000557c500000,0x000000557c600000]
Native frames: (J=compiled Java code, j=interpreted, Vv=VM code, C=native code)
V  [jvm.dll+0x67a04a]
V  [jvm.dll+0x7da4ed]
V  [jvm.dll+0x7dbe33]
V  [jvm.dll+0x7dc4a3]
V  [jvm.dll+0x24508f]
V  [jvm.dll+0x677089]
V  [jvm.dll+0x66bd32]
V  [jvm.dll+0x301fa6]
V  [jvm.dll+0x309546]
V  [jvm.dll+0x359d2e]
V  [jvm.dll+0x359f5f]
V  [jvm.dll+0x2d9078]
V  [jvm.dll+0x2d9fe4]
V  [jvm.dll+0x7aca21]
V  [jvm.dll+0x367591]
V  [jvm.dll+0x78b999]
V  [jvm.dll+0x3ec83f]
V  [jvm.dll+0x3ee471]
C  [jli.dll+0x5297]
C  [ucrtbase.dll+0x29333]
C  [KERNEL32.DLL+0x1259d]
C  [ntdll.dll+0x5af38]


---------------  P R O C E S S  ---------------

Threads class SMR info:
_java_thread_list=0x00007ffd9cb87a18, length=0, elements={
}

Java Threads: ( => current thread )

Other Threads:
  0x000001c9054fdca0 GCTaskThread "GC Thread#0" [stack: 0x000000557c600000,0x000000557c700000] [id=1240]
  0x000001c90550e570 ConcurrentGCThread "G1 Main Marker" [stack: 0x000000557c700000,0x000000557c800000] [id=26240]
  0x000001c90550ff90 ConcurrentGCThread "G1 Conc#0" [stack: 0x000000557c800000,0x000000557c900000] [id=22612]

[error occurred during error reporting (printing all threads), id 0xc0000005, EXCEPTION_ACCESS_VIOLATION (0xc0000005) at pc=0x00007ffd9c3b9b67]

VM state: not at safepoint (not fully initialized)

VM Mutex/Monitor currently owned by a thread:  ([mutex/lock_event])
[0x000001c90549fa10] Heap_lock - owner thread: 0x000001c9054a3b80

Heap address: 0x0000000083400000, size: 1996 MB, Compressed Oops mode: 32-bit

CDS archive(s) mapped at: [0x0000000000000000-0x0000000000000000-0x0000000000000000), size 0, SharedBaseAddress: 0x0000000800000000, ArchiveRelocationMode: 1.
Narrow klass base: 0x0000000000000000, Narrow klass shift: 0, Narrow klass range: 0x0

GC Precious Log:
<Empty>

Heap:
 garbage-first heap   total 0K, used 0K [0x0000000083400000, 0x0000000100000000)
  region size 1024K, 0 young (0K), 0 survivors (0K)

[error occurred during error reporting (printing heap information), id 0xc0000005, EXCEPTION_ACCESS_VIOLATION (0xc0000005) at pc=0x00007ffd9c7a3859]

GC Heap History (0 events):
No events

Deoptimization events (0 events):
No events

Classes unloaded (0 events):
No events

Classes redefined (0 events):
No events

Internal exceptions (0 events):
No events

VM Operations (0 events):
No events

Events (1 events):
Event: 0.015 Loaded shared library C:\Program Files\Java\jdk-17\bin\java.dll


Dynamic libraries:
0x00007ff7c46a0000 - 0x00007ff7c46b0000 	C:\Program Files\Java\jdk-17\bin\java.exe
0x00007ffe1fdb0000 - 0x00007ffe1ffc7000 	C:\WINDOWS\SYSTEM32\ntdll.dll
0x00007ffe1f820000 - 0x00007ffe1f8e4000 	C:\WINDOWS\System32\KERNEL32.DLL
0x00007ffe1d1b0000 - 0x00007ffe1d56a000 	C:\WINDOWS\System32\KERNELBASE.dll
0x00007ffe1d090000 - 0x00007ffe1d1a1000 	C:\WINDOWS\System32\ucrtbase.dll
0x00007ffdd3460000 - 0x00007ffdd347b000 	C:\Program Files\Java\jdk-17\bin\VCRUNTIME140.dll
0x00007ffde3fc0000 - 0x00007ffde3fd9000 	C:\Program Files\Java\jdk-17\bin\jli.dll
0x00007ffe1daf0000 - 0x00007ffe1dba2000 	C:\WINDOWS\System32\ADVAPI32.dll
0x00007ffe1f760000 - 0x00007ffe1f807000 	C:\WINDOWS\System32\msvcrt.dll
0x00007ffe1ee50000 - 0x00007ffe1eef7000 	C:\WINDOWS\System32\sechost.dll
0x00007ffe1d860000 - 0x00007ffe1d888000 	C:\WINDOWS\System32\bcrypt.dll
0x00007ffe1e8b0000 - 0x00007ffe1e9c4000 	C:\WINDOWS\System32\RPCRT4.dll
0x00007ffe1dda0000 - 0x00007ffe1df4e000 	C:\WINDOWS\System32\USER32.dll
0x00007ffe1d730000 - 0x00007ffe1d756000 	C:\WINDOWS\System32\win32u.dll
0x00007ffdf9300000 - 0x00007ffdf9592000 	C:\WINDOWS\WinSxS\amd64_microsoft.windows.common-controls_6595b64144ccf1df_6.0.22621.4541_none_2710d1c57384c085\COMCTL32.dll
0x00007ffe1dac0000 - 0x00007ffe1dae9000 	C:\WINDOWS\System32\GDI32.dll
0x00007ffe1d610000 - 0x00007ffe1d72b000 	C:\WINDOWS\System32\gdi32full.dll
0x00007ffe1d570000 - 0x00007ffe1d60a000 	C:\WINDOWS\System32\msvcp_win.dll
0x00007ffe13120000 - 0x00007ffe1312a000 	C:\WINDOWS\SYSTEM32\VERSION.dll
0x00007ffe1f520000 - 0x00007ffe1f551000 	C:\WINDOWS\System32\IMM32.DLL
0x00007ffde2540000 - 0x00007ffde254c000 	C:\Program Files\Java\jdk-17\bin\vcruntime140_1.dll
0x00007ffdaf1a0000 - 0x00007ffdaf22e000 	C:\Program Files\Java\jdk-17\bin\msvcp140.dll
0x00007ffd9c0d0000 - 0x00007ffd9ccb0000 	C:\Program Files\Java\jdk-17\bin\server\jvm.dll
0x00007ffe1f810000 - 0x00007ffe1f818000 	C:\WINDOWS\System32\PSAPI.DLL
0x00007ffde3fb0000 - 0x00007ffde3fb9000 	C:\WINDOWS\SYSTEM32\WSOCK32.dll
0x00007ffe18d60000 - 0x00007ffe18d94000 	C:\WINDOWS\SYSTEM32\WINMM.dll
0x00007ffe1f000000 - 0x00007ffe1f071000 	C:\WINDOWS\System32\WS2_32.dll
0x00007ffe1c090000 - 0x00007ffe1c0a8000 	C:\WINDOWS\SYSTEM32\kernel.appcore.dll
0x00007ffde1c00000 - 0x00007ffde1c0a000 	C:\Program Files\Java\jdk-17\bin\jimage.dll
0x00007ffe04e50000 - 0x00007ffe05082000 	C:\WINDOWS\SYSTEM32\DBGHELP.DLL
0x00007ffe1e9d0000 - 0x00007ffe1ed5f000 	C:\WINDOWS\System32\combase.dll
0x00007ffe1dbb0000 - 0x00007ffe1dc87000 	C:\WINDOWS\System32\OLEAUT32.dll
0x00007ffdff450000 - 0x00007ffdff482000 	C:\WINDOWS\SYSTEM32\dbgcore.DLL
0x00007ffe1d760000 - 0x00007ffe1d7db000 	C:\WINDOWS\System32\bcryptPrimitives.dll
0x00007ffdcaa90000 - 0x00007ffdcaab5000 	C:\Program Files\Java\jdk-17\bin\java.dll

dbghelp: loaded successfully - version: 4.0.5 - missing functions: none
symbol engine: initialized successfully - sym options: 0x614 - pdb path: .;C:\Program Files\Java\jdk-17\bin;C:\WINDOWS\SYSTEM32;C:\WINDOWS\WinSxS\amd64_microsoft.windows.common-controls_6595b64144ccf1df_6.0.22621.4541_none_2710d1c57384c085;C:\Program Files\Java\jdk-17\bin\server

VM Arguments:
jvm_args: -Dfile.encoding=UTF-8 --module-path=C:\Users\Test\OneDrive\Documents\NetBeansProjects\Electricity Billing System\build\classes 
java_command: electricity.billing.system.Project
java_class_path (initial): C:\Users\Test\Downloads\mysql-connector-java-8.0.28.jar;C:\Users\Test\Downloads\mysql-connector-j-8.0.32;C:\Users\Test\Downloads\rs2xml.jar;C:\Users\Test\OneDrive\Documents\NetBeansProjects\Electricity Billing System\build\classes
Launcher Type: SUN_STANDARD

[Global flags]
     intx CICompilerCount                          = 4                                         {product} {ergonomic}
     uint ConcGCThreads                            = 2                                         {product} {ergonomic}
     uint G1ConcRefinementThreads                  = 8                                         {product} {ergonomic}
   size_t G1HeapRegionSize                         = 1048576                                   {product} {ergonomic}
    uintx GCDrainStackTargetSize                   = 64                                        {product} {ergonomic}
   size_t InitialHeapSize                          = 132120576                                 {product} {ergonomic}
   size_t MarkStackSize                            = 4194304                                   {product} {ergonomic}
   size_t MaxHeapSize                              = 2092957696                                {product} {ergonomic}
   size_t MinHeapDeltaBytes                        = 1048576                                   {product} {ergonomic}
   size_t MinHeapSize                              = 8388608                                   {product} {ergonomic}
    uintx NonNMethodCodeHeapSize                   = 5839372                                {pd product} {ergonomic}
    uintx NonProfiledCodeHeapSize                  = 122909434                              {pd product} {ergonomic}
    uintx ProfiledCodeHeapSize                     = 122909434                              {pd product} {ergonomic}
    uintx ReservedCodeCacheSize                    = 251658240                              {pd product} {ergonomic}
     bool SegmentedCodeCache                       = true                                      {product} {ergonomic}
   size_t SoftMaxHeapSize                          = 2092957696                             {manageable} {ergonomic}
     bool UseCompressedClassPointers               = true                           {product lp64_product} {ergonomic}
     bool UseCompressedOops                        = true                           {product lp64_product} {ergonomic}
     bool UseG1GC                                  = true                                      {product} {ergonomic}
     bool UseLargePagesIndividualAllocation        = false                                  {pd product} {ergonomic}

Logging:
Log output configuration:
 #0: stdout all=warning uptime,level,tags
 #1: stderr all=off uptime,level,tags

Environment Variables:
JAVA_HOME=C:\Program Files\Java\jdk-17
PATH=c:\Users\Test\AppData\Local\Programs\cursor\resources\app\bin;C:\WINDOWS\system32;C:\WINDOWS;C:\WINDOWS\System32\Wbem;C:\WINDOWS\System32\WindowsPowerShell\v1.0\;C:\WINDOWS\System32\OpenSSH\;C:\Users\Test\myenv\Scripts\python.exe;C:\Program Files\nodejs\;C:\Program Files\Git\cmd;C:\Users\Test\OneDrive\Desktop\StreamlitApps;C:\Users\Test\AppData\Local\Programs\Python\Python312\Scripts\;C:\Users\Test\AppData\Local\Programs\Python\Python312\;C:\Users\Test\AppData\Local\Packages\PythonSoftwareFoundation.Python.3.12_qbz5n2kfra8p0\LocalCache\local-packages\Python312\Scripts\;C:\Program Files\Amazon\AWSCLIV2\;\bin;D:\flink-1.18.1-bin-scala_2.12\flink-1.18.1\bin;C:\Users\Test\AppData\Local\Programs\Python\Python312\;C:\Program Files\Common Files\Oracle\Java\javapath;C:\WINDOWS\system32;C:\WINDOWS;C:\WINDOWS\System32\Wbem;C:\WINDOWS\System32\WindowsPowerShell\v1.0\;C:\WINDOWS\System32\OpenSSH\;C:\Users\Test\myenv;C:\Program Files\Java\jdk-17\bin;C:\Program Files\MySQL\MySQL Server 8.0\bin;D:\Apache-NetBeans-13\bin\;D:\netbeans-13-bin\netbeans\bin;C:\Program Files\MySQL\MySQL Shell 8.0\bin;C:\Program Files\MySQL\MySQL Shell 8.0\bin\;C:\Users\Test\AppData\Local\Programs\Python\Python312\Scripts\;C:\Users\Test\AppData\Local\Programs\Python\Python312\;C:\Program Files\Common Files\Oracle\Java\javapath;C:\WINDOWS\system32;C:\WINDOWS;C:\WINDOWS\System32\Wbem;C:\WINDOWS\System32\WindowsPowerShell\v1.0\;C:\WINDOWS\System32\OpenSSH\;C:\Users\Test\myenv\Scripts\python.exe;C:\Program Files\Amazon\AWSCLIV2\;C:\Program Files\nodejs\;C:\Program Files\Git\cmd;C:\Users\Test\AppData\Local\Microsoft\WindowsApps;C:\ProgramData\Juhi\GitHubDesktop\bin;C:\Users\Test\AppData\Local\Programs\Microsoft VS Code\bin;C:\Users\Test\AppData\Roaming\npm;C:\Users\juhi\AppData\Local\Programs\Python\Python3.12\Scripts;C:\Program Files\JetBrains\IntelliJ IDEA Community Edition 2024.2.4\bin;;C:\Users\Test\AppData\Local\Programs\Windsurf\bin
USERNAME=Juhi
OS=Windows_NT
PROCESSOR_IDENTIFIER=Intel64 Family 6 Model 142 Stepping 12, GenuineIntel



---------------  S Y S T E M  ---------------

OS:
 Windows 11 , 64 bit Build 22621 (10.0.22621.4391)
OS uptime: 6 days 17:55 hours
Hyper-V role detected

CPU: total 8 (initial active 8) (4 cores per cpu, 2 threads per core) family 6 model 142 stepping 12 microcode 0xf8, cx8, cmov, fxsr, ht, mmx, 3dnowpref, sse, sse2, sse3, ssse3, sse4.1, sse4.2, popcnt, lzcnt, tsc, tscinvbit, avx, avx2, aes, erms, clmul, bmi1, bmi2, adx, fma, vzeroupper, clflush, clflushopt, hv

Memory: 4k page, system-wide physical 7979M (346M free)
TotalPageFile size 27179M (AvailPageFile size 28M)
current process WorkingSet (physical memory assigned to process): 11M, peak: 11M
current process commit charge ("private bytes"): 60M, peak: 186M

vm_info: Java HotSpot(TM) 64-Bit Server VM (17.0.12+8-LTS-286) for windows-amd64 JRE (17.0.12+8-LTS-286), built on Jun  5 2024 06:46:59 by "mach5one" with MS VC++ 17.6 (VS2022)

END.
